000 (program () (let ((y (let ((x 20)) (+ x (let ((x 22)) x))))) y))
010 (program () (let ((y₁ (let ((x₁ 20)) (+ x₁ (let ((x₂ 22)) x₂))))) y₁))
020 (program () (let ((y₁ (let ((x₁ 20)) (let ((x₂ 22)) (+ x₁ x₂))))) y₁))
030 (c-program () (:start ((= x₁ 20) (= x₂ 22) (= y₁ (+ x₁ x₂)) (return y₁))))
040 (x86-program () (:start (() ("movq $20, x₁" "movq $22, x₂" "movq x₁, y₁" "addq x₂, y₁" "movq y₁, %rax" "jmp conclusion"))))
000 (program () (let ((y (let ((x 20)) (let ((z 22)) (+ x z))))) y))
010 (program () (let ((y₁ (let ((x₁ 20)) (let ((z₁ 22)) (+ x₁ z₁))))) y₁))
020 (program () (let ((y₁ (let ((x₁ 20)) (let ((z₁ 22)) (+ x₁ z₁))))) y₁))
030 (c-program () (:start ((= x₁ 20) (= z₁ 22) (= y₁ (+ x₁ z₁)) (return y₁))))
040 (x86-program () (:start (() ("movq $20, x₁" "movq $22, z₁" "movq x₁, y₁" "addq z₁, y₁" "movq y₁, %rax" "jmp conclusion"))))
000 (program () (let ((z (let ((y (let ((x 6)) x))) y))) z))
010 (program () (let ((z₁ (let ((y₁ (let ((x₁ 6)) x₁))) y₁))) z₁))
020 (program () (let ((z₁ (let ((y₁ (let ((x₁ 6)) x₁))) y₁))) z₁))
030 (c-program () (:start ((= x₁ 6) (= y₁ x₁) (= z₁ y₁) (return z₁))))
040 (x86-program () (:start (() ("movq $6, x₁" "movq x₁, y₁" "movq y₁, z₁" "movq z₁, %rax" "jmp conclusion"))))
000 (program () (let ((a 42)) (let ((b a)) b)))
010 (program () (let ((a₁ 42)) (let ((b₁ a₁)) b₁)))
020 (program () (let ((a₁ 42)) (let ((b₁ a₁)) b₁)))
030 (c-program () (:start ((= a₁ 42) (= b₁ a₁) (return b₁))))
040 (x86-program () (:start (() ("movq $42, a₁" "movq a₁, b₁" "movq b₁, %rax" "jmp conclusion"))))
000 (program () (- (random-dice)))
010 (program () (- (random-dice)))
020 (program () (let ((_₁ (random-dice))) (- _₁)))
030 (c-program () (:start ((= _₁ (random-dice)) (return (- _₁)))))
040 (x86-program () (:start (() ("callq random_dice, 0" "movq %rax, _₁" "movq _₁, %rax" "negq %rax" "jmp conclusion"))))
