[#cons-mod [] [#the-exp #int-type [#int-exp 8]]]
[#cons-mod
 []
 [#the-exp
  #int-type
  [#prim-exp 'ineg [[#the-exp #int-type [#int-exp 8]]]]]]
[#cons-mod
 []
 [#the-exp
  #int-type
  [#prim-exp
   'iadd
   [[#the-exp #int-type [#int-exp 8]]
    [#the-exp
     #int-type
     [#prim-exp 'ineg [[#the-exp #int-type [#int-exp 8]]]]]]]]]
[#cons-mod [] [#the-exp #bool-type [#bool-exp #t]]]
[#cons-mod [] [#the-exp #bool-type [#bool-exp #f]]]
[#cons-mod [] [#the-exp #void-type #void-exp]]
[#cons-mod
 []
 [#the-exp
  #int-type
  [#let-exp
   'x
   [#the-exp #int-type [#int-exp 8]]
   [#the-exp
    #int-type
    [#prim-exp
     'iadd
     [[#the-exp #int-type [#var-exp 'x]]
      [#the-exp #int-type [#var-exp 'x]]]]]]]]
[#cons-mod
 []
 [#the-exp
  #int-type
  [#let-exp
   'x
   [#the-exp #int-type [#int-exp 8]]
   [#the-exp
    #int-type
    [#if-exp
     [#the-exp
      #bool-type
      [#prim-exp
       'gt?
       [[#the-exp #int-type [#var-exp 'x]]
        [#the-exp #int-type [#int-exp 1]]]]]
     [#the-exp #int-type [#int-exp 1]]
     [#the-exp #int-type [#int-exp 0]]]]]]]
[#cons-mod
 []
 [#the-exp
  #int-type
  [#let-exp
   'x
   [#the-exp #int-type [#int-exp 0]]
   [#the-exp
    #int-type
    [#if-exp
     [#the-exp
      #bool-type
      [#prim-exp
       'gt?
       [[#the-exp #int-type [#var-exp 'x]]
        [#the-exp #int-type [#int-exp 1]]]]]
     [#the-exp #int-type [#int-exp 1]]
     [#the-exp #int-type [#int-exp 0]]]]]]]
[#cons-mod
 []
 [#the-exp
  #int-type
  [#let-exp
   'x
   [#the-exp #int-type [#int-exp 0]]
   [#the-exp
    #int-type
    [#if-exp
     [#the-exp
      #bool-type
      [#prim-exp
       'eq?
       [[#the-exp #int-type [#var-exp 'x]]
        [#the-exp #int-type [#int-exp 1]]]]]
     [#the-exp #int-type [#int-exp 1]]
     [#the-exp #int-type [#int-exp 0]]]]]]]
